<?xml version="1.0" encoding="UTF-8"?>
<testng-results ignored="0" total="3" passed="3" failed="0" skipped="0">
  <reporter-output>
  </reporter-output>
  <suite started-at="2025-02-20T16:06:19 IST" name="Suite" finished-at="2025-02-20T16:06:49 IST" duration-ms="30117">
    <groups>
    </groups>
    <test started-at="2025-02-20T16:06:19 IST" name="Test" finished-at="2025-02-20T16:06:49 IST" duration-ms="30117">
      <class name="First.MyFirst">
        <test-method is-config="true" signature="setUp()[pri:0, instance:First.MyFirst@7ee8290b]" started-at="2025-02-20T16:06:19 IST" name="setUp" finished-at="2025-02-20T16:06:26 IST" duration-ms="7132" status="PASS">
          <reporter-output>
          </reporter-output>
        </test-method> <!-- setUp -->
        <test-method signature="titleValidation()[pri:0, instance:First.MyFirst@7ee8290b]" started-at="2025-02-20T16:06:26 IST" name="titleValidation" finished-at="2025-02-20T16:06:26 IST" duration-ms="211" status="PASS">
          <reporter-output>
          </reporter-output>
        </test-method> <!-- titleValidation -->
        <test-method is-config="true" signature="tearDown()[pri:0, instance:First.MyFirst@7ee8290b]" started-at="2025-02-20T16:06:26 IST" name="tearDown" finished-at="2025-02-20T16:06:27 IST" duration-ms="1468" status="PASS">
          <reporter-output>
          </reporter-output>
        </test-method> <!-- tearDown -->
        <test-method is-config="true" signature="setUp()[pri:0, instance:First.MyFirst@7ee8290b]" started-at="2025-02-20T16:06:27 IST" name="setUp" finished-at="2025-02-20T16:06:32 IST" duration-ms="4773" status="PASS">
          <reporter-output>
          </reporter-output>
        </test-method> <!-- setUp -->
        <test-method signature="validate_Item()[pri:0, instance:First.MyFirst@7ee8290b]" started-at="2025-02-20T16:06:32 IST" name="validate_Item" finished-at="2025-02-20T16:06:36 IST" duration-ms="3636" status="PASS">
          <reporter-output>
          </reporter-output>
        </test-method> <!-- validate_Item -->
        <test-method is-config="true" signature="tearDown()[pri:0, instance:First.MyFirst@7ee8290b]" started-at="2025-02-20T16:06:36 IST" name="tearDown" finished-at="2025-02-20T16:06:37 IST" duration-ms="1456" status="PASS">
          <reporter-output>
          </reporter-output>
        </test-method> <!-- tearDown -->
        <test-method is-config="true" signature="setUp()[pri:0, instance:First.MyFirst@7ee8290b]" started-at="2025-02-20T16:06:37 IST" name="setUp" finished-at="2025-02-20T16:06:43 IST" duration-ms="5850" status="PASS">
          <reporter-output>
          </reporter-output>
        </test-method> <!-- setUp -->
        <test-method signature="validate_bestseller()[pri:0, instance:First.MyFirst@7ee8290b]" started-at="2025-02-20T16:06:43 IST" name="validate_bestseller" finished-at="2025-02-20T16:06:47 IST" duration-ms="3974" status="PASS">
          <reporter-output>
          </reporter-output>
        </test-method> <!-- validate_bestseller -->
        <test-method is-config="true" signature="tearDown()[pri:0, instance:First.MyFirst@7ee8290b]" started-at="2025-02-20T16:06:47 IST" name="tearDown" finished-at="2025-02-20T16:06:49 IST" duration-ms="1529" status="PASS">
          <reporter-output>
          </reporter-output>
        </test-method> <!-- tearDown -->
      </class> <!-- First.MyFirst -->
    </test> <!-- Test -->
  </suite> <!-- Suite -->
</testng-results>
