<?xml version="1.0" encoding="UTF-8"?>
<!-- Generated by org.testng.reporters.JUnitXMLReporter -->
<testsuite ignored="0" hostname="PF4NMF47" failures="0" tests="3" name="Test" time="30.117" errors="0" timestamp="2025-02-20T16:06:49 IST">
  <testcase classname="First.MyFirst" name="titleValidation" time="0.211"/>
  <testcase classname="First.MyFirst" name="validate_Item" time="3.636"/>
  <testcase classname="First.MyFirst" name="validate_bestseller" time="3.974"/>
</testsuite> <!-- Test -->
